-------------------------------------------------------------------------------
Test set: ua.palamar.courseworkbackend.CourseworkBackendApplicationTests
-------------------------------------------------------------------------------
Tests run: 1, Failures: 0, Errors: 1, Skipped: 0, Time elapsed: 4.945 s <<< FAILURE! - in ua.palamar.courseworkbackend.CourseworkBackendApplicationTests
contextLoads  Time elapsed: 0 s  <<< ERROR!
java.lang.IllegalStateException: Failed to load ApplicationContext
Caused by: org.springframework.beans.factory.UnsatisfiedDependencyException: Error creating bean with name 'advertisementController' defined in file [D:\Programming\coursework\coursework-backend\target\classes\ua\palamar\courseworkbackend\controller\AdvertisementController.class]: Unsatisfied dependency expressed through constructor parameter 0; nested exception is org.springframework.beans.factory.UnsatisfiedDependencyException: Error creating bean with name 'simpleAdvertisementService' defined in file [D:\Programming\coursework\coursework-backend\target\classes\ua\palamar\courseworkbackend\service\advertisement\SimpleAdvertisementService.class]: Unsatisfied dependency expressed through constructor parameter 1; nested exception is org.springframework.beans.factory.BeanCreationException: Error creating bean with name 'tokenProvider': Injection of autowired dependencies failed; nested exception is com.ulisesbocchio.jasyptspringboot.exception.DecryptionException: Unable to decrypt property: ENC(3E7Jc0tOMwJADvlBOXsChnuRqmFNvOtWzqSRbM8zhZEYBi7S50VXtpv+FW8Wd/cO) resolved to: ENC(3E7Jc0tOMwJADvlBOXsChnuRqmFNvOtWzqSRbM8zhZEYBi7S50VXtpv+FW8Wd/cO). Decryption of Properties failed,  make sure encryption/decryption passwords match
Caused by: org.springframework.beans.factory.UnsatisfiedDependencyException: Error creating bean with name 'simpleAdvertisementService' defined in file [D:\Programming\coursework\coursework-backend\target\classes\ua\palamar\courseworkbackend\service\advertisement\SimpleAdvertisementService.class]: Unsatisfied dependency expressed through constructor parameter 1; nested exception is org.springframework.beans.factory.BeanCreationException: Error creating bean with name 'tokenProvider': Injection of autowired dependencies failed; nested exception is com.ulisesbocchio.jasyptspringboot.exception.DecryptionException: Unable to decrypt property: ENC(3E7Jc0tOMwJADvlBOXsChnuRqmFNvOtWzqSRbM8zhZEYBi7S50VXtpv+FW8Wd/cO) resolved to: ENC(3E7Jc0tOMwJADvlBOXsChnuRqmFNvOtWzqSRbM8zhZEYBi7S50VXtpv+FW8Wd/cO). Decryption of Properties failed,  make sure encryption/decryption passwords match
Caused by: org.springframework.beans.factory.BeanCreationException: Error creating bean with name 'tokenProvider': Injection of autowired dependencies failed; nested exception is com.ulisesbocchio.jasyptspringboot.exception.DecryptionException: Unable to decrypt property: ENC(3E7Jc0tOMwJADvlBOXsChnuRqmFNvOtWzqSRbM8zhZEYBi7S50VXtpv+FW8Wd/cO) resolved to: ENC(3E7Jc0tOMwJADvlBOXsChnuRqmFNvOtWzqSRbM8zhZEYBi7S50VXtpv+FW8Wd/cO). Decryption of Properties failed,  make sure encryption/decryption passwords match
Caused by: com.ulisesbocchio.jasyptspringboot.exception.DecryptionException: Unable to decrypt property: ENC(3E7Jc0tOMwJADvlBOXsChnuRqmFNvOtWzqSRbM8zhZEYBi7S50VXtpv+FW8Wd/cO) resolved to: ENC(3E7Jc0tOMwJADvlBOXsChnuRqmFNvOtWzqSRbM8zhZEYBi7S50VXtpv+FW8Wd/cO). Decryption of Properties failed,  make sure encryption/decryption passwords match
Caused by: org.jasypt.exceptions.EncryptionOperationNotPossibleException

